Build started 07.01.2016 03:01:11.
     1>Project "C:\Users\kreci_000\Desktop\PWN\MapRecorder\MapRecorder\MapRecorder.vcxproj" on node 2 (Build target(s)).
     1>ClCompile:
         C:\Program Files (x86)\Microsoft Visual Studio 12.0\VC\bin\CL.exe /c /Zi /nologo /W3 /WX- /O2 /Oi /Oy- /GL /D _WINDLL /D _MBCS /Gm- /EHsc /MT /Zp1 /GS /Gy /fp:precise /Zc:wchar_t /Zc:forScope /Fo"Release\\" /Fd"Release\vc120.pdb" /Gd /TP /analyze- /errorReport:prompt CCheat.cpp CMapRecorder.cpp DllMain.cpp SAMP.cpp
         CCheat.cpp
         CMapRecorder.cpp
         DllMain.cpp
         SAMP.cpp
     1>C:\Program Files (x86)\MSBuild\Microsoft.Cpp\v4.0\V120\Microsoft.CppBuild.targets(1193,5): warning MSB8012: TargetPath(C:\Users\kreci_000\Desktop\PWN\MapRecorder\Release\MapRecorder.dll) does not match the Linker's OutputFile property value (C:\Users\kreci_000\Desktop\PWN\MapRecorder\Release\MapRecorder.asi). This may cause your project to build incorrectly. To correct this, please make sure that $(OutDir), $(TargetName) and $(TargetExt) property values match the value specified in %(Link.OutputFile).
     1>C:\Program Files (x86)\MSBuild\Microsoft.Cpp\v4.0\V120\Microsoft.CppBuild.targets(1194,5): warning MSB8012: TargetExt(.dll) does not match the Linker's OutputFile property value (.asi). This may cause your project to build incorrectly. To correct this, please make sure that $(OutDir), $(TargetName) and $(TargetExt) property values match the value specified in %(Link.OutputFile).
       Link:
         C:\Program Files (x86)\Microsoft Visual Studio 12.0\VC\bin\link.exe /ERRORREPORT:PROMPT /OUT:"C:\Users\kreci_000\Desktop\PWN\MapRecorder\Release\MapRecorder.asi" /NOLOGO kernel32.lib user32.lib gdi32.lib winspool.lib comdlg32.lib advapi32.lib shell32.lib ole32.lib oleaut32.lib uuid.lib odbc32.lib odbccp32.lib /MANIFEST /MANIFESTUAC:"level='asInvoker' uiAccess='false'" /manifest:embed /PDB:"C:\Users\kreci_000\Desktop\PWN\MapRecorder\Release\MapRecorder.pdb" /OPT:REF /OPT:ICF /LTCG /TLBID:1 /DYNAMICBASE /NXCOMPAT /IMPLIB:"C:\Users\kreci_000\Desktop\PWN\MapRecorder\Release\MapRecorder.lib" /MACHINE:X86 /SAFESEH /DLL Release\CCheat.obj
         Release\CHook.obj
         Release\CMAlloc.obj
         Release\CMapRecorder.obj
         Release\CMProt.obj
         Release\CPatch.obj
         Release\DllMain.obj
         Release\MemoryHackingFactory.obj
         Release\SAMP.obj
         Generating code
         Finished generating code
         MapRecorder.vcxproj -> C:\Users\kreci_000\Desktop\PWN\MapRecorder\Release\MapRecorder.dll
     1>Done Building Project "C:\Users\kreci_000\Desktop\PWN\MapRecorder\MapRecorder\MapRecorder.vcxproj" (Build target(s)).

Build succeeded.

Time Elapsed 00:00:08.26
